2026-04-14 14:08:02,623 - app.middleware.middleware - ERROR - Alarm! Global exception!
Traceback (most recent call last):
  File "/media/mikhail_yurov/projects/exz/.venv/lib/python3.12/site-packages/pg8000/legacy.py", line 256, in execute
    self._context = self._c.execute_unnamed(
                    ^^^^^^^^^^^^^^^^^^^^^^^^
  File "/media/mikhail_yurov/projects/exz/.venv/lib/python3.12/site-packages/pg8000/core.py", line 723, in execute_unnamed
    self.handle_messages(context)
  File "/media/mikhail_yurov/projects/exz/.venv/lib/python3.12/site-packages/pg8000/core.py", line 844, in handle_messages
    raise context.error
pg8000.exceptions.DatabaseError: {'S': 'ERROR', 'V': 'ERROR', 'C': '23505', 'M': 'duplicate key value violates unique constraint "ix_users_username"', 'D': 'Key (username)=(string) already exists.', 's': 'public', 't': 'users', 'n': 'ix_users_username', 'F': 'nbtinsert.c', 'L': '666', 'R': '_bt_check_unique'}

During handling of the above exception, another exception occurred:

Traceback (most recent call last):
  File "/media/mikhail_yurov/projects/exz/.venv/lib/python3.12/site-packages/sqlalchemy/engine/base.py", line 1967, in _exec_single_context
    self.dialect.do_execute(
  File "/media/mikhail_yurov/projects/exz/.venv/lib/python3.12/site-packages/sqlalchemy/engine/default.py", line 952, in do_execute
    cursor.execute(statement, parameters)
  File "/media/mikhail_yurov/projects/exz/.venv/lib/python3.12/site-packages/pg8000/legacy.py", line 283, in execute
    raise cls(msg)
pg8000.dbapi.IntegrityError: {'S': 'ERROR', 'V': 'ERROR', 'C': '23505', 'M': 'duplicate key value violates unique constraint "ix_users_username"', 'D': 'Key (username)=(string) already exists.', 's': 'public', 't': 'users', 'n': 'ix_users_username', 'F': 'nbtinsert.c', 'L': '666', 'R': '_bt_check_unique'}

The above exception was the direct cause of the following exception:

Traceback (most recent call last):
  File "/media/mikhail_yurov/projects/exz/.venv/lib/python3.12/site-packages/starlette/middleware/errors.py", line 164, in __call__
    await self.app(scope, receive, _send)
  File "/media/mikhail_yurov/projects/exz/.venv/lib/python3.12/site-packages/starlette/middleware/cors.py", line 96, in __call__
    await self.simple_response(scope, receive, send, request_headers=headers)
  File "/media/mikhail_yurov/projects/exz/.venv/lib/python3.12/site-packages/starlette/middleware/cors.py", line 154, in simple_response
    await self.app(scope, receive, send)
  File "/media/mikhail_yurov/projects/exz/.venv/lib/python3.12/site-packages/starlette/middleware/exceptions.py", line 63, in __call__
    await wrap_app_handling_exceptions(self.app, conn)(scope, receive, send)
  File "/media/mikhail_yurov/projects/exz/.venv/lib/python3.12/site-packages/starlette/_exception_handler.py", line 53, in wrapped_app
    raise exc
  File "/media/mikhail_yurov/projects/exz/.venv/lib/python3.12/site-packages/starlette/_exception_handler.py", line 42, in wrapped_app
    await app(scope, receive, sender)
  File "/media/mikhail_yurov/projects/exz/.venv/lib/python3.12/site-packages/fastapi/middleware/asyncexitstack.py", line 18, in __call__
    await self.app(scope, receive, send)
  File "/media/mikhail_yurov/projects/exz/.venv/lib/python3.12/site-packages/starlette/routing.py", line 660, in __call__
    await self.middleware_stack(scope, receive, send)
  File "/media/mikhail_yurov/projects/exz/.venv/lib/python3.12/site-packages/starlette/routing.py", line 680, in app
    await route.handle(scope, receive, send)
  File "/media/mikhail_yurov/projects/exz/.venv/lib/python3.12/site-packages/starlette/routing.py", line 276, in handle
    await self.app(scope, receive, send)
  File "/media/mikhail_yurov/projects/exz/.venv/lib/python3.12/site-packages/fastapi/routing.py", line 134, in app
    await wrap_app_handling_exceptions(app, request)(scope, receive, send)
  File "/media/mikhail_yurov/projects/exz/.venv/lib/python3.12/site-packages/starlette/_exception_handler.py", line 53, in wrapped_app
    raise exc
  File "/media/mikhail_yurov/projects/exz/.venv/lib/python3.12/site-packages/starlette/_exception_handler.py", line 42, in wrapped_app
    await app(scope, receive, sender)
  File "/media/mikhail_yurov/projects/exz/.venv/lib/python3.12/site-packages/fastapi/routing.py", line 120, in app
    response = await f(request)
               ^^^^^^^^^^^^^^^^
  File "/media/mikhail_yurov/projects/exz/.venv/lib/python3.12/site-packages/fastapi/routing.py", line 674, in app
    raw_response = await run_endpoint_function(
                   ^^^^^^^^^^^^^^^^^^^^^^^^^^^^
  File "/media/mikhail_yurov/projects/exz/.venv/lib/python3.12/site-packages/fastapi/routing.py", line 330, in run_endpoint_function
    return await run_in_threadpool(dependant.call, **values)
           ^^^^^^^^^^^^^^^^^^^^^^^^^^^^^^^^^^^^^^^^^^^^^^^^^
  File "/media/mikhail_yurov/projects/exz/.venv/lib/python3.12/site-packages/starlette/concurrency.py", line 32, in run_in_threadpool
    return await anyio.to_thread.run_sync(func)
           ^^^^^^^^^^^^^^^^^^^^^^^^^^^^^^^^^^^^
  File "/media/mikhail_yurov/projects/exz/.venv/lib/python3.12/site-packages/anyio/to_thread.py", line 63, in run_sync
    return await get_async_backend().run_sync_in_worker_thread(
           ^^^^^^^^^^^^^^^^^^^^^^^^^^^^^^^^^^^^^^^^^^^^^^^^^^^^
  File "/media/mikhail_yurov/projects/exz/.venv/lib/python3.12/site-packages/anyio/_backends/_asyncio.py", line 2518, in run_sync_in_worker_thread
    return await future
           ^^^^^^^^^^^^
  File "/media/mikhail_yurov/projects/exz/.venv/lib/python3.12/site-packages/anyio/_backends/_asyncio.py", line 1002, in run
    result = context.run(func, *args)
             ^^^^^^^^^^^^^^^^^^^^^^^^
  File "/media/mikhail_yurov/projects/exz/app/app/api/endpoints/users.py", line 28, in create_user
    db.commit()
  File "/media/mikhail_yurov/projects/exz/.venv/lib/python3.12/site-packages/sqlalchemy/orm/session.py", line 2030, in commit
    trans.commit(_to_root=True)
  File "<string>", line 2, in commit
  File "/media/mikhail_yurov/projects/exz/.venv/lib/python3.12/site-packages/sqlalchemy/orm/state_changes.py", line 137, in _go
    ret_value = fn(self, *arg, **kw)
                ^^^^^^^^^^^^^^^^^^^^
  File "/media/mikhail_yurov/projects/exz/.venv/lib/python3.12/site-packages/sqlalchemy/orm/session.py", line 1311, in commit
    self._prepare_impl()
  File "<string>", line 2, in _prepare_impl
  File "/media/mikhail_yurov/projects/exz/.venv/lib/python3.12/site-packages/sqlalchemy/orm/state_changes.py", line 137, in _go
    ret_value = fn(self, *arg, **kw)
                ^^^^^^^^^^^^^^^^^^^^
  File "/media/mikhail_yurov/projects/exz/.venv/lib/python3.12/site-packages/sqlalchemy/orm/session.py", line 1286, in _prepare_impl
    self.session.flush()
  File "/media/mikhail_yurov/projects/exz/.venv/lib/python3.12/site-packages/sqlalchemy/orm/session.py", line 4331, in flush
    self._flush(objects)
  File "/media/mikhail_yurov/projects/exz/.venv/lib/python3.12/site-packages/sqlalchemy/orm/session.py", line 4466, in _flush
    with util.safe_reraise():
  File "/media/mikhail_yurov/projects/exz/.venv/lib/python3.12/site-packages/sqlalchemy/util/langhelpers.py", line 121, in __exit__
    raise exc_value.with_traceback(exc_tb)
  File "/media/mikhail_yurov/projects/exz/.venv/lib/python3.12/site-packages/sqlalchemy/orm/session.py", line 4427, in _flush
    flush_context.execute()
  File "/media/mikhail_yurov/projects/exz/.venv/lib/python3.12/site-packages/sqlalchemy/orm/unitofwork.py", line 466, in execute
    rec.execute(self)
  File "/media/mikhail_yurov/projects/exz/.venv/lib/python3.12/site-packages/sqlalchemy/orm/unitofwork.py", line 642, in execute
    util.preloaded.orm_persistence.save_obj(
  File "/media/mikhail_yurov/projects/exz/.venv/lib/python3.12/site-packages/sqlalchemy/orm/persistence.py", line 93, in save_obj
    _emit_insert_statements(
  File "/media/mikhail_yurov/projects/exz/.venv/lib/python3.12/site-packages/sqlalchemy/orm/persistence.py", line 1233, in _emit_insert_statements
    result = connection.execute(
             ^^^^^^^^^^^^^^^^^^^
  File "/media/mikhail_yurov/projects/exz/.venv/lib/python3.12/site-packages/sqlalchemy/engine/base.py", line 1419, in execute
    return meth(
           ^^^^^
  File "/media/mikhail_yurov/projects/exz/.venv/lib/python3.12/site-packages/sqlalchemy/sql/elements.py", line 527, in _execute_on_connection
    return connection._execute_clauseelement(
           ^^^^^^^^^^^^^^^^^^^^^^^^^^^^^^^^^^
  File "/media/mikhail_yurov/projects/exz/.venv/lib/python3.12/site-packages/sqlalchemy/engine/base.py", line 1641, in _execute_clauseelement
    ret = self._execute_context(
          ^^^^^^^^^^^^^^^^^^^^^^
  File "/media/mikhail_yurov/projects/exz/.venv/lib/python3.12/site-packages/sqlalchemy/engine/base.py", line 1846, in _execute_context
    return self._exec_single_context(
           ^^^^^^^^^^^^^^^^^^^^^^^^^^
  File "/media/mikhail_yurov/projects/exz/.venv/lib/python3.12/site-packages/sqlalchemy/engine/base.py", line 1986, in _exec_single_context
    self._handle_dbapi_exception(
  File "/media/mikhail_yurov/projects/exz/.venv/lib/python3.12/site-packages/sqlalchemy/engine/base.py", line 2363, in _handle_dbapi_exception
    raise sqlalchemy_exception.with_traceback(exc_info[2]) from e
  File "/media/mikhail_yurov/projects/exz/.venv/lib/python3.12/site-packages/sqlalchemy/engine/base.py", line 1967, in _exec_single_context
    self.dialect.do_execute(
  File "/media/mikhail_yurov/projects/exz/.venv/lib/python3.12/site-packages/sqlalchemy/engine/default.py", line 952, in do_execute
    cursor.execute(statement, parameters)
  File "/media/mikhail_yurov/projects/exz/.venv/lib/python3.12/site-packages/pg8000/legacy.py", line 283, in execute
    raise cls(msg)
sqlalchemy.exc.IntegrityError: (pg8000.dbapi.IntegrityError) {'S': 'ERROR', 'V': 'ERROR', 'C': '23505', 'M': 'duplicate key value violates unique constraint "ix_users_username"', 'D': 'Key (username)=(string) already exists.', 's': 'public', 't': 'users', 'n': 'ix_users_username', 'F': 'nbtinsert.c', 'L': '666', 'R': '_bt_check_unique'}
[SQL: INSERT INTO users (username, email, hashed_password) VALUES (%s::VARCHAR, %s::VARCHAR, %s::VARCHAR) RETURNING users.id]
[parameters: ('string', 'user@example.com', '$2b$12$PEtbZgRUXdsjshyn55JkDelTESEdXi6HAFPLqKCqgTqB03t9Z478q')]
(Background on this error at: https://sqlalche.me/e/20/gkpj)
